2022-09-12 09:07:00 [INFO][restartedMain][c.b.a.AddressBookApplication:55] Starting AddressBookApplication using Java 18.0.1.1 on LAPTOP-95V8N3TT with PID 14228 (A:\AddressBook\target\classes started by shreyas in A:\AddressBook)
2022-09-12 09:07:00 [INFO][restartedMain][c.b.a.AddressBookApplication:640] The following 1 profile is active: "dev"
2022-09-12 09:07:01 [INFO][restartedMain][o.s.b.d.e.DevToolsPropertyDefaultsPostProcessor:255] Devtools property defaults active! Set 'spring.devtools.add-properties' to 'false' to disable
2022-09-12 09:07:01 [INFO][restartedMain][o.s.b.d.e.DevToolsPropertyDefaultsPostProcessor:255] For additional web related logging consider setting the 'logging.level.web' property to 'DEBUG'
2022-09-12 09:07:07 [INFO][restartedMain][o.s.d.r.c.RepositoryConfigurationDelegate:132] Bootstrapping Spring Data JPA repositories in DEFAULT mode.
2022-09-12 09:07:07 [INFO][restartedMain][o.s.d.r.c.RepositoryConfigurationDelegate:201] Finished Spring Data repository scanning in 346 ms. Found 1 JPA repository interfaces.
2022-09-12 09:07:11 [INFO][restartedMain][o.s.b.w.e.t.TomcatWebServer:108] Tomcat initialized with port(s): 8080 (http)
2022-09-12 09:07:11 [INFO][restartedMain][o.a.c.c.StandardService:173] Starting service [Tomcat]
2022-09-12 09:07:11 [INFO][restartedMain][o.a.c.c.StandardEngine:173] Starting Servlet engine: [Apache Tomcat/9.0.65]
2022-09-12 09:07:11 [INFO][restartedMain][o.a.c.c.C.[.[.[/]:173] Initializing Spring embedded WebApplicationContext
2022-09-12 09:07:11 [INFO][restartedMain][o.s.b.w.s.c.ServletWebServerApplicationContext:292] Root WebApplicationContext: initialization completed in 10447 ms
2022-09-12 09:07:12 [INFO][restartedMain][o.h.j.i.u.LogHelper:31] HHH000204: Processing PersistenceUnitInfo [name: default]
2022-09-12 09:07:12 [INFO][restartedMain][o.h.Version:44] HHH000412: Hibernate ORM core version 5.6.10.Final
2022-09-12 09:07:13 [INFO][restartedMain][o.h.a.c.Version:56] HCANN000001: Hibernate Commons Annotations {5.1.2.Final}
2022-09-12 09:07:14 [INFO][restartedMain][c.z.h.HikariDataSource:110] HikariPool-1 - Starting...
2022-09-12 09:07:16 [INFO][restartedMain][c.z.h.HikariDataSource:123] HikariPool-1 - Start completed.
2022-09-12 09:07:16 [INFO][restartedMain][o.h.d.Dialect:175] HHH000400: Using dialect: org.hibernate.dialect.MySQL8Dialect
2022-09-12 09:07:22 [INFO][restartedMain][o.h.e.t.j.p.i.JtaPlatformInitiator:52] HHH000490: Using JtaPlatform implementation: [org.hibernate.engine.transaction.jta.platform.internal.NoJtaPlatform]
2022-09-12 09:07:22 [INFO][restartedMain][o.s.o.j.LocalContainerEntityManagerFactoryBean:437] Initialized JPA EntityManagerFactory for persistence unit 'default'
2022-09-12 09:07:23 [WARN][restartedMain][o.s.b.a.o.j.JpaBaseConfiguration$JpaWebConfiguration:219] spring.jpa.open-in-view is enabled by default. Therefore, database queries may be performed during view rendering. Explicitly configure spring.jpa.open-in-view to disable this warning
2022-09-12 09:07:24 [WARN][restartedMain][o.s.b.a.t.ThymeleafAutoConfiguration$DefaultTemplateResolverConfiguration:103] Cannot find template location: classpath:/templates/ (please add some templates or check your Thymeleaf configuration)
2022-09-12 09:07:25 [INFO][restartedMain][o.s.b.d.a.OptionalLiveReloadServer:59] LiveReload server is running on port 35729
2022-09-12 09:07:25 [INFO][restartedMain][o.s.b.w.e.t.TomcatWebServer:220] Tomcat started on port(s): 8080 (http) with context path ''
2022-09-12 09:07:26 [INFO][restartedMain][c.b.a.AddressBookApplication:61] Started AddressBookApplication in 29.638 seconds (JVM running for 34.1)
2022-09-12 09:08:29 [INFO][http-nio-8080-exec-1][o.a.c.c.C.[.[.[/]:173] Initializing Spring DispatcherServlet 'dispatcherServlet'
2022-09-12 09:08:29 [INFO][http-nio-8080-exec-1][o.s.w.s.DispatcherServlet:525] Initializing Servlet 'dispatcherServlet'
2022-09-12 09:08:29 [INFO][http-nio-8080-exec-1][o.s.w.s.DispatcherServlet:547] Completed initialization in 4 ms
2022-09-12 09:08:29 [WARN][http-nio-8080-exec-1][o.s.w.s.m.s.DefaultHandlerExceptionResolver:208] Resolved [org.springframework.web.HttpRequestMethodNotSupportedException: Request method 'GET' not supported]
2022-09-12 09:08:43 [WARN][http-nio-8080-exec-3][o.s.w.s.m.s.DefaultHandlerExceptionResolver:208] Resolved [org.springframework.web.bind.MethodArgumentNotValidException: Validation failed for argument [0] in public org.springframework.http.ResponseEntity<com.bridgelabz.addressbook.dto.ResponseDTO> com.bridgelabz.addressbook.controller.AddressBookController.addContact(com.bridgelabz.addressbook.dto.ContactDTO): [Field error in object 'contactDTO' on field 'name': rejected value [shreyas]; codes [Pattern.contactDTO.name,Pattern.name,Pattern.java.lang.String,Pattern]; arguments [org.springframework.context.support.DefaultMessageSourceResolvable: codes [contactDTO.name,name]; arguments []; default message [name],[Ljavax.validation.constraints.Pattern$Flag;@33c1099f,^[A-Z][a-zA-Z]{2,}$]; default message [Not valid]] ]
2022-09-12 09:12:37 [WARN][http-nio-8080-exec-9][o.s.w.s.m.s.DefaultHandlerExceptionResolver:208] Resolved [org.springframework.web.bind.MethodArgumentNotValidException: Validation failed for argument [0] in public org.springframework.http.ResponseEntity<com.bridgelabz.addressbook.dto.ResponseDTO> com.bridgelabz.addressbook.controller.AddressBookController.addContact(com.bridgelabz.addressbook.dto.ContactDTO): [Field error in object 'contactDTO' on field 'name': rejected value [chethan]; codes [Pattern.contactDTO.name,Pattern.name,Pattern.java.lang.String,Pattern]; arguments [org.springframework.context.support.DefaultMessageSourceResolvable: codes [contactDTO.name,name]; arguments []; default message [name],[Ljavax.validation.constraints.Pattern$Flag;@33c1099f,^[A-Z][a-zA-Z]{2,}$]; default message [Not valid]] ]
2022-09-12 09:56:33 [INFO][SpringApplicationShutdownHook][o.s.o.j.LocalContainerEntityManagerFactoryBean:651] Closing JPA EntityManagerFactory for persistence unit 'default'
2022-09-12 09:56:33 [INFO][SpringApplicationShutdownHook][c.z.h.HikariDataSource:350] HikariPool-1 - Shutdown initiated...
2022-09-12 09:56:33 [INFO][SpringApplicationShutdownHook][c.z.h.HikariDataSource:352] HikariPool-1 - Shutdown completed.
2022-09-12 09:58:05 [INFO][restartedMain][c.b.a.AddressBookApplication:55] Starting AddressBookApplication using Java 18.0.1.1 on LAPTOP-95V8N3TT with PID 4196 (A:\AddressBook\target\classes started by shreyas in A:\AddressBook)
2022-09-12 09:58:05 [INFO][restartedMain][c.b.a.AddressBookApplication:640] The following 1 profile is active: "dev"
2022-09-12 09:58:05 [INFO][restartedMain][o.s.b.d.e.DevToolsPropertyDefaultsPostProcessor:255] Devtools property defaults active! Set 'spring.devtools.add-properties' to 'false' to disable
2022-09-12 09:58:05 [INFO][restartedMain][o.s.b.d.e.DevToolsPropertyDefaultsPostProcessor:255] For additional web related logging consider setting the 'logging.level.web' property to 'DEBUG'
2022-09-12 09:58:06 [INFO][restartedMain][o.s.d.r.c.RepositoryConfigurationDelegate:132] Bootstrapping Spring Data JPA repositories in DEFAULT mode.
2022-09-12 09:58:07 [INFO][restartedMain][o.s.d.r.c.RepositoryConfigurationDelegate:201] Finished Spring Data repository scanning in 119 ms. Found 1 JPA repository interfaces.
2022-09-12 09:58:07 [INFO][restartedMain][o.s.b.w.e.t.TomcatWebServer:108] Tomcat initialized with port(s): 8080 (http)
2022-09-12 09:58:07 [INFO][restartedMain][o.a.c.c.StandardService:173] Starting service [Tomcat]
2022-09-12 09:58:07 [INFO][restartedMain][o.a.c.c.StandardEngine:173] Starting Servlet engine: [Apache Tomcat/9.0.65]
2022-09-12 09:58:07 [INFO][restartedMain][o.a.c.c.C.[.[.[/]:173] Initializing Spring embedded WebApplicationContext
2022-09-12 09:58:07 [INFO][restartedMain][o.s.b.w.s.c.ServletWebServerApplicationContext:292] Root WebApplicationContext: initialization completed in 1820 ms
2022-09-12 09:58:07 [INFO][restartedMain][o.h.j.i.u.LogHelper:31] HHH000204: Processing PersistenceUnitInfo [name: default]
2022-09-12 09:58:07 [INFO][restartedMain][o.h.Version:44] HHH000412: Hibernate ORM core version 5.6.10.Final
2022-09-12 09:58:08 [INFO][restartedMain][o.h.a.c.Version:56] HCANN000001: Hibernate Commons Annotations {5.1.2.Final}
2022-09-12 09:58:08 [INFO][restartedMain][c.z.h.HikariDataSource:110] HikariPool-1 - Starting...
2022-09-12 09:58:08 [INFO][restartedMain][c.z.h.HikariDataSource:123] HikariPool-1 - Start completed.
2022-09-12 09:58:08 [INFO][restartedMain][o.h.d.Dialect:175] HHH000400: Using dialect: org.hibernate.dialect.MySQL8Dialect
2022-09-12 09:58:12 [INFO][restartedMain][o.h.e.t.j.p.i.JtaPlatformInitiator:52] HHH000490: Using JtaPlatform implementation: [org.hibernate.engine.transaction.jta.platform.internal.NoJtaPlatform]
2022-09-12 09:58:12 [INFO][restartedMain][o.s.o.j.LocalContainerEntityManagerFactoryBean:437] Initialized JPA EntityManagerFactory for persistence unit 'default'
2022-09-12 09:58:12 [WARN][restartedMain][o.s.b.a.o.j.JpaBaseConfiguration$JpaWebConfiguration:219] spring.jpa.open-in-view is enabled by default. Therefore, database queries may be performed during view rendering. Explicitly configure spring.jpa.open-in-view to disable this warning
2022-09-12 09:58:13 [WARN][restartedMain][o.s.b.a.t.ThymeleafAutoConfiguration$DefaultTemplateResolverConfiguration:103] Cannot find template location: classpath:/templates/ (please add some templates or check your Thymeleaf configuration)
2022-09-12 09:58:13 [INFO][restartedMain][o.s.b.d.a.OptionalLiveReloadServer:59] LiveReload server is running on port 35729
2022-09-12 09:58:13 [INFO][restartedMain][o.s.b.w.e.t.TomcatWebServer:220] Tomcat started on port(s): 8080 (http) with context path ''
2022-09-12 09:58:13 [INFO][restartedMain][c.b.a.AddressBookApplication:61] Started AddressBookApplication in 8.078 seconds (JVM running for 8.954)
2022-09-12 09:58:57 [INFO][http-nio-8080-exec-2][o.a.c.c.C.[.[.[/]:173] Initializing Spring DispatcherServlet 'dispatcherServlet'
2022-09-12 09:58:57 [INFO][http-nio-8080-exec-2][o.s.w.s.DispatcherServlet:525] Initializing Servlet 'dispatcherServlet'
2022-09-12 09:58:57 [INFO][http-nio-8080-exec-2][o.s.w.s.DispatcherServlet:547] Completed initialization in 3 ms
2022-09-12 10:01:24 [WARN][http-nio-8080-exec-6][o.s.w.s.m.s.DefaultHandlerExceptionResolver:208] Resolved [org.springframework.web.bind.MissingServletRequestParameterException: Required request parameter 'name' for method parameter type String is not present]
2022-09-12 10:01:42 [WARN][http-nio-8080-exec-8][o.s.w.s.m.s.DefaultHandlerExceptionResolver:208] Resolved [org.springframework.web.bind.MissingServletRequestParameterException: Required request parameter 'name' for method parameter type String is not present]
2022-09-12 10:27:05 [INFO][SpringApplicationShutdownHook][o.s.o.j.LocalContainerEntityManagerFactoryBean:651] Closing JPA EntityManagerFactory for persistence unit 'default'
2022-09-12 10:27:05 [INFO][SpringApplicationShutdownHook][c.z.h.HikariDataSource:350] HikariPool-1 - Shutdown initiated...
2022-09-12 10:27:05 [INFO][SpringApplicationShutdownHook][c.z.h.HikariDataSource:352] HikariPool-1 - Shutdown completed.
